2012/09/22 04:06:46 [error] [exception.CHttpException.404] exception 'CHttpException' with message 'Unable to resolve the request "gii".' in /usr/local/lib/yii/framework/web/CWebApplication.php:287
Stack trace:
#0 /usr/local/lib/yii/framework/web/CWebApplication.php(142): CWebApplication->runController('gii')
#1 /usr/local/lib/yii/framework/base/CApplication.php(162): CWebApplication->processRequest()
#2 /var/www/stalker/www/index.php(11): CApplication->run()
#3 {main}
REQUEST_URI=/index.php?r=gii
---
2012/09/22 04:06:49 [error] [exception.CHttpException.404] exception 'CHttpException' with message 'Unable to resolve the request "gii".' in /usr/local/lib/yii/framework/web/CWebApplication.php:287
Stack trace:
#0 /usr/local/lib/yii/framework/web/CWebApplication.php(142): CWebApplication->runController('gii')
#1 /usr/local/lib/yii/framework/base/CApplication.php(162): CWebApplication->processRequest()
#2 /var/www/stalker/www/index.php(11): CApplication->run()
#3 {main}
REQUEST_URI=/index.php?r=gii
---
2012/09/22 04:07:29 [error] [exception.CHttpException.404] exception 'CHttpException' with message 'Unable to resolve the request "gii".' in /usr/local/lib/yii/framework/web/CWebApplication.php:287
Stack trace:
#0 /usr/local/lib/yii/framework/web/CWebApplication.php(142): CWebApplication->runController('gii')
#1 /usr/local/lib/yii/framework/base/CApplication.php(162): CWebApplication->processRequest()
#2 /var/www/stalker/www/index.php(11): CApplication->run()
#3 {main}
REQUEST_URI=/index.php?r=gii
---
2012/09/22 07:05:56 [error] [exception.CDbException] exception 'CDbException' with message 'CDbConnection failed to open the DB connection: could not find driver' in /usr/local/lib/yii/framework/db/CDbConnection.php:382
Stack trace:
#0 /usr/local/lib/yii/framework/db/CDbConnection.php(331): CDbConnection->open()
#1 /usr/local/lib/yii/framework/db/CDbConnection.php(309): CDbConnection->setActive(true)
#2 /usr/local/lib/yii/framework/base/CModule.php(388): CDbConnection->init()
#3 /usr/local/lib/yii/framework/cli/commands/MigrateCommand.php(443): CModule->getComponent('db')
#4 /usr/local/lib/yii/framework/cli/commands/MigrateCommand.php(452): MigrateCommand->getDbConnection()
#5 /usr/local/lib/yii/framework/cli/commands/MigrateCommand.php(483): MigrateCommand->getMigrationHistory(-1)
#6 /usr/local/lib/yii/framework/cli/commands/MigrateCommand.php(85): MigrateCommand->getNewMigrations()
#7 [internal function]: MigrateCommand->actionUp(Array)
#8 /usr/local/lib/yii/framework/console/CConsoleCommand.php(173): ReflectionMethod->invokeArgs(Object(MigrateCommand), Array)
#9 /usr/local/lib/yii/framework/console/CConsoleCommandRunner.php(68): CConsoleCommand->run(Array)
#10 /usr/local/lib/yii/framework/console/CConsoleApplication.php(92): CConsoleCommandRunner->run(Array)
#11 /usr/local/lib/yii/framework/base/CApplication.php(162): CConsoleApplication->processRequest()
#12 /usr/local/lib/yii/framework/yiic.php(34): CApplication->run()
#13 /var/www/stalker/project/yiic.php(7): require_once('/usr/local/lib/...')
#14 /var/www/stalker/project/yiic(4): require_once('/var/www/stalke...')
#15 {main}
---
2012/09/22 07:06:28 [error] [exception.CDbException] exception 'CDbException' with message 'CDbConnection failed to open the DB connection: could not find driver' in /usr/local/lib/yii/framework/db/CDbConnection.php:382
Stack trace:
#0 /usr/local/lib/yii/framework/db/CDbConnection.php(331): CDbConnection->open()
#1 /usr/local/lib/yii/framework/db/CDbConnection.php(309): CDbConnection->setActive(true)
#2 /usr/local/lib/yii/framework/base/CModule.php(388): CDbConnection->init()
#3 /usr/local/lib/yii/framework/cli/commands/MigrateCommand.php(443): CModule->getComponent('db')
#4 /usr/local/lib/yii/framework/cli/commands/MigrateCommand.php(452): MigrateCommand->getDbConnection()
#5 /usr/local/lib/yii/framework/cli/commands/MigrateCommand.php(483): MigrateCommand->getMigrationHistory(-1)
#6 /usr/local/lib/yii/framework/cli/commands/MigrateCommand.php(85): MigrateCommand->getNewMigrations()
#7 [internal function]: MigrateCommand->actionUp(Array)
#8 /usr/local/lib/yii/framework/console/CConsoleCommand.php(173): ReflectionMethod->invokeArgs(Object(MigrateCommand), Array)
#9 /usr/local/lib/yii/framework/console/CConsoleCommandRunner.php(68): CConsoleCommand->run(Array)
#10 /usr/local/lib/yii/framework/console/CConsoleApplication.php(92): CConsoleCommandRunner->run(Array)
#11 /usr/local/lib/yii/framework/base/CApplication.php(162): CConsoleApplication->processRequest()
#12 /usr/local/lib/yii/framework/yiic.php(34): CApplication->run()
#13 /var/www/stalker/project/yiic.php(7): require_once('/usr/local/lib/...')
#14 /var/www/stalker/project/yiic(4): require_once('/var/www/stalke...')
#15 {main}
---
2012/09/22 07:14:12 [error] [exception.CDbException] exception 'CDbException' with message 'CDbConnection failed to open the DB connection: could not find driver' in /usr/local/lib/yii/framework/db/CDbConnection.php:382
Stack trace:
#0 /usr/local/lib/yii/framework/db/CDbConnection.php(331): CDbConnection->open()
#1 /usr/local/lib/yii/framework/db/CDbConnection.php(309): CDbConnection->setActive(true)
#2 /usr/local/lib/yii/framework/base/CModule.php(388): CDbConnection->init()
#3 /usr/local/lib/yii/framework/cli/commands/MigrateCommand.php(443): CModule->getComponent('db')
#4 /usr/local/lib/yii/framework/cli/commands/MigrateCommand.php(452): MigrateCommand->getDbConnection()
#5 /usr/local/lib/yii/framework/cli/commands/MigrateCommand.php(483): MigrateCommand->getMigrationHistory(-1)
#6 /usr/local/lib/yii/framework/cli/commands/MigrateCommand.php(85): MigrateCommand->getNewMigrations()
#7 [internal function]: MigrateCommand->actionUp(Array)
#8 /usr/local/lib/yii/framework/console/CConsoleCommand.php(173): ReflectionMethod->invokeArgs(Object(MigrateCommand), Array)
#9 /usr/local/lib/yii/framework/console/CConsoleCommandRunner.php(68): CConsoleCommand->run(Array)
#10 /usr/local/lib/yii/framework/console/CConsoleApplication.php(92): CConsoleCommandRunner->run(Array)
#11 /usr/local/lib/yii/framework/base/CApplication.php(162): CConsoleApplication->processRequest()
#12 /usr/local/lib/yii/framework/yiic.php(34): CApplication->run()
#13 /var/www/stalker/project/yiic.php(7): require_once('/usr/local/lib/...')
#14 /var/www/stalker/project/yiic(4): require_once('/var/www/stalke...')
#15 {main}
---
2012/09/22 07:18:47 [error] [exception.CDbException] exception 'CDbException' with message 'CDbConnection.connectionString cannot be empty.' in /usr/local/lib/yii/framework/db/CDbConnection.php:370
Stack trace:
#0 /usr/local/lib/yii/framework/db/CDbConnection.php(331): CDbConnection->open()
#1 /usr/local/lib/yii/framework/db/CDbConnection.php(309): CDbConnection->setActive(true)
#2 /usr/local/lib/yii/framework/base/CModule.php(388): CDbConnection->init()
#3 /usr/local/lib/yii/framework/cli/commands/MigrateCommand.php(443): CModule->getComponent('db')
#4 /usr/local/lib/yii/framework/cli/commands/MigrateCommand.php(452): MigrateCommand->getDbConnection()
#5 /usr/local/lib/yii/framework/cli/commands/MigrateCommand.php(483): MigrateCommand->getMigrationHistory(-1)
#6 /usr/local/lib/yii/framework/cli/commands/MigrateCommand.php(85): MigrateCommand->getNewMigrations()
#7 [internal function]: MigrateCommand->actionUp(Array)
#8 /usr/local/lib/yii/framework/console/CConsoleCommand.php(173): ReflectionMethod->invokeArgs(Object(MigrateCommand), Array)
#9 /usr/local/lib/yii/framework/console/CConsoleCommandRunner.php(68): CConsoleCommand->run(Array)
#10 /usr/local/lib/yii/framework/console/CConsoleApplication.php(92): CConsoleCommandRunner->run(Array)
#11 /usr/local/lib/yii/framework/base/CApplication.php(162): CConsoleApplication->processRequest()
#12 /usr/local/lib/yii/framework/yiic.php(34): CApplication->run()
#13 /var/www/stalker/project/yiic.php(7): require_once('/usr/local/lib/...')
#14 /var/www/stalker/project/yiic(4): require_once('/var/www/stalke...')
#15 {main}
---
2012/09/22 07:19:17 [error] [exception.CDbException] exception 'CDbException' with message 'CDbConnection.connectionString cannot be empty.' in /usr/local/lib/yii/framework/db/CDbConnection.php:370
Stack trace:
#0 /usr/local/lib/yii/framework/db/CDbConnection.php(331): CDbConnection->open()
#1 /usr/local/lib/yii/framework/db/CDbConnection.php(309): CDbConnection->setActive(true)
#2 /usr/local/lib/yii/framework/base/CModule.php(388): CDbConnection->init()
#3 /usr/local/lib/yii/framework/cli/commands/MigrateCommand.php(443): CModule->getComponent('db')
#4 /usr/local/lib/yii/framework/cli/commands/MigrateCommand.php(452): MigrateCommand->getDbConnection()
#5 /usr/local/lib/yii/framework/cli/commands/MigrateCommand.php(483): MigrateCommand->getMigrationHistory(-1)
#6 /usr/local/lib/yii/framework/cli/commands/MigrateCommand.php(85): MigrateCommand->getNewMigrations()
#7 [internal function]: MigrateCommand->actionUp(Array)
#8 /usr/local/lib/yii/framework/console/CConsoleCommand.php(173): ReflectionMethod->invokeArgs(Object(MigrateCommand), Array)
#9 /usr/local/lib/yii/framework/console/CConsoleCommandRunner.php(68): CConsoleCommand->run(Array)
#10 /usr/local/lib/yii/framework/console/CConsoleApplication.php(92): CConsoleCommandRunner->run(Array)
#11 /usr/local/lib/yii/framework/base/CApplication.php(162): CConsoleApplication->processRequest()
#12 /usr/local/lib/yii/framework/yiic.php(34): CApplication->run()
#13 /var/www/stalker/project/yiic.php(7): require_once('/usr/local/lib/...')
#14 /var/www/stalker/project/yiic(4): require_once('/var/www/stalke...')
#15 {main}
---
2012/09/22 07:27:55 [error] [exception.CDbException] exception 'CDbException' with message 'CDbConnection.connectionString cannot be empty.' in /usr/local/lib/yii/framework/db/CDbConnection.php:370
Stack trace:
#0 /usr/local/lib/yii/framework/db/CDbConnection.php(331): CDbConnection->open()
#1 /usr/local/lib/yii/framework/db/CDbConnection.php(309): CDbConnection->setActive(true)
#2 /usr/local/lib/yii/framework/base/CModule.php(388): CDbConnection->init()
#3 /usr/local/lib/yii/framework/cli/commands/MigrateCommand.php(443): CModule->getComponent('db')
#4 /usr/local/lib/yii/framework/cli/commands/MigrateCommand.php(452): MigrateCommand->getDbConnection()
#5 /usr/local/lib/yii/framework/cli/commands/MigrateCommand.php(483): MigrateCommand->getMigrationHistory(-1)
#6 /usr/local/lib/yii/framework/cli/commands/MigrateCommand.php(85): MigrateCommand->getNewMigrations()
#7 [internal function]: MigrateCommand->actionUp(Array)
#8 /usr/local/lib/yii/framework/console/CConsoleCommand.php(173): ReflectionMethod->invokeArgs(Object(MigrateCommand), Array)
#9 /usr/local/lib/yii/framework/console/CConsoleCommandRunner.php(68): CConsoleCommand->run(Array)
#10 /usr/local/lib/yii/framework/console/CConsoleApplication.php(92): CConsoleCommandRunner->run(Array)
#11 /usr/local/lib/yii/framework/base/CApplication.php(162): CConsoleApplication->processRequest()
#12 /usr/local/lib/yii/framework/yiic.php(34): CApplication->run()
#13 /var/www/stalker/project/yiic.php(7): require_once('/usr/local/lib/...')
#14 /var/www/stalker/project/yiic(4): require_once('/var/www/stalke...')
#15 {main}
---
2012/09/22 07:34:15 [error] [system.db.CDbCommand] CDbCommand::fetchAll() failed: SQLSTATE[42S02]: Base table or view not found: 1146 Table 'stalker.tbl_migration' doesn't exist. The SQL statement executed was: SHOW COLUMNS FROM `tbl_migration`.
