Not running
[18.11.2012 01:33:42] Not running
[18.11.2012 01:47:30] Not running
[18-Nov-2012 01:49:55] Not running
[18-Nov-2012 01:50:38] Not running
[18-Nov-2012 01:50:50] Starting server...
[18-Nov-2012 01:50:50] Pid updated - 13627
[18-Nov-2012 01:50:50] Working job...
[18-Nov-2012 01:52:49] Running
[18-Nov-2012 01:53:06] Stop server...
[18-Nov-2012 01:53:06] Stopped!
[18-Nov-2012 01:53:06] Pid deleted - 13627
[18-Nov-2012 02:09:59] Not running
[18-Nov-2012 02:10:50] Starting server...
[18-Nov-2012 02:10:50] Pid updated - 14036
[18-Nov-2012 02:10:50] Working job...
[18-Nov-2012 02:11:05] Stop server...
[18-Nov-2012 02:11:05] Stopped!
[18-Nov-2012 02:11:05] Pid deleted - 14036
[18-Nov-2012 02:25:34] Not running
[18-Nov-2012 02:25:37] Starting server...
[18-Nov-2012 02:25:37] Pid updated - 14215
[18-Nov-2012 02:25:37] Working job...
[18-Nov-2012 02:29:12] Starting server...
[18-Nov-2012 02:31:14] Not running
[18-Nov-2012 02:31:17] Starting server...
[18-Nov-2012 02:31:17] Pid updated - 14286
[18-Nov-2012 02:31:17] Working job...
[18-Nov-2012 02:35:29] Starting server...
[18-Nov-2012 02:40:21] Starting server...
[18-Nov-2012 02:40:21] Pid updated - 14378
[18-Nov-2012 02:40:21] Working job...
[18-Nov-2012 02:41:45] Starting server...
[18-Nov-2012 02:41:45] Pid updated - 14481
[18-Nov-2012 02:41:45] Working job...
[18-Nov-2012 02:42:18] Starting server...
[18-Nov-2012 02:42:18] Daemon already running.
[18-Nov-2012 02:42:25] Stop server...
[18-Nov-2012 02:42:25] Stopped!
[18-Nov-2012 02:42:25] Pid deleted - 14481
[18-Nov-2012 02:42:29] Starting server...
[18-Nov-2012 02:42:29] Pid updated - 14489
[18-Nov-2012 02:42:29] Working job...
[18-Nov-2012 02:47:03] Stop server...
[18-Nov-2012 02:47:03] Stopped!
[18-Nov-2012 02:47:03] Pid deleted - 14489
[18-Nov-2012 02:47:05] Starting server...
[18-Nov-2012 02:47:05] Pid updated - 14518
[18-Nov-2012 02:47:05] Working job...
[18-Nov-2012 02:49:27] Stop server...
[18-Nov-2012 02:49:27] Stopped!
[18-Nov-2012 02:49:27] Pid deleted - 14518
[18-Nov-2012 02:49:29] Starting server...
[18-Nov-2012 02:50:22] Starting server...
[18-Nov-2012 02:51:22] Starting server...
[18-Nov-2012 02:52:54] Starting server...
[18-Nov-2012 02:54:43] Starting server...
[18-Nov-2012 02:54:59] Starting server...
[18-Nov-2012 03:04:09] Starting server...
[18-Nov-2012 03:10:10] Starting server...
[18-Nov-2012 03:12:08] Starting server...
[18-Nov-2012 03:12:49] Starting server...
[18-Nov-2012 03:13:18] Starting server...
[18-Nov-2012 03:18:09] Starting server...
[18-Nov-2012 03:18:17] Starting server...
[18-Nov-2012 03:18:27] Starting server...
[18-Nov-2012 03:19:37] Starting server...
[18-Nov-2012 03:21:20] Starting server...
[18-Nov-2012 03:21:20] Pid updated - 15050
[18-Nov-2012 03:21:20] Working job...
[18-Nov-2012 03:44:09] Starting server...
[18-Nov-2012 03:44:09] Daemon already running.
[18-Nov-2012 03:44:15] Stop server...
[18-Nov-2012 03:44:15] Stopped!
[18-Nov-2012 03:44:15] Pid deleted - 15050
[18-Nov-2012 03:44:23] Not running
[18-Nov-2012 03:44:25] Starting server...
[18-Nov-2012 03:44:25] Pid updated - 15366
[18-Nov-2012 03:44:25] Working job...
[18-Nov-2012 03:44:49] Stop server...
[18-Nov-2012 03:44:49] Stopped!
[18-Nov-2012 03:44:49] Pid deleted - 15366
[18-Nov-2012 03:44:52] Not running
[18-Nov-2012 03:53:40] Not running
[18-Nov-2012 03:53:45] Starting server...
[18-Nov-2012 03:53:45] Pid updated - 15487
[18-Nov-2012 03:53:45] Working job...
[18-Nov-2012 04:01:15] Running
[18-Nov-2012 04:01:18] Stop server...
[18-Nov-2012 04:01:18] Stopped!
[18-Nov-2012 04:01:18] Pid deleted - 15487
[18-Nov-2012 04:02:01] Not running
[18-Nov-2012 04:02:08] Not running
[18-Nov-2012 04:02:08] Starting server...
[18-Nov-2012 04:02:08] Pid updated - 15620
[18-Nov-2012 04:02:08] Working job...
[18-Nov-2012 04:02:44] Running
[18-Nov-2012 04:02:51] Stop server...
[18-Nov-2012 04:02:51] Stopped!
[18-Nov-2012 04:02:51] Pid deleted - 15620
[18-Nov-2012 04:03:03] Not running
[18-Nov-2012 04:04:18] Starting server...
[18-Nov-2012 04:04:18] Pid updated - 15642
[18-Nov-2012 04:04:18] Working job...
[18-Nov-2012 04:04:23] Running
[18-Nov-2012 04:04:32] Starting server...
[18-Nov-2012 04:04:32] Daemon already running.
[18-Nov-2012 04:05:07] Daemon already running.
[18-Nov-2012 04:05:15] Running
[18-Nov-2012 04:05:20] Running
[18-Nov-2012 04:05:24] Stop server...
[18-Nov-2012 04:05:24] Stopped!
[18-Nov-2012 04:05:24] Pid deleted - 15642
[18-Nov-2012 04:07:10] Not running
[18-Nov-2012 04:07:13] Starting server...
[18-Nov-2012 04:07:13] Pid updated - 15686
[18-Nov-2012 04:07:13] Working job...
[18-Nov-2012 04:07:16] Stop server...
[18-Nov-2012 04:07:16] Stopped!
[18-Nov-2012 04:07:16] Pid deleted - 15686
[18-Nov-2012 04:10:23] Starting server...
[18-Nov-2012 04:10:23] Pid updated - 15751
[18-Nov-2012 04:10:23] Working job...
[18-Nov-2012 04:10:33] Stop server...
[18-Nov-2012 04:10:33] Stopped!
[18-Nov-2012 04:10:33] Pid deleted - 15751
[18-Nov-2012 04:10:58] Starting server...
[18-Nov-2012 04:10:58] Pid updated - 15856
[18-Nov-2012 04:10:58] Working job...
[18-Nov-2012 04:10:59] Stop server...
[18-Nov-2012 04:10:59] Stopped!
[18-Nov-2012 04:10:59] Pid deleted - 15856
[18-Nov-2012 04:13:30] Not running
[18-Nov-2012 04:13:33] Starting server...
[18-Nov-2012 04:13:33] Pid updated - 15868
[18-Nov-2012 04:13:33] Working job...
[18-Nov-2012 04:13:51] Stop server...
[18-Nov-2012 04:13:51] Stopped!
[18-Nov-2012 04:13:51] Pid deleted - 15868
[18-Nov-2012 04:15:11] Not running
[18-Nov-2012 04:15:13] Starting server...
[18-Nov-2012 04:15:13] Pid updated - 15900
[18-Nov-2012 04:15:13] Working job...
[18-Nov-2012 04:15:16] Stop server...
[18-Nov-2012 04:15:16] Stopped!
[18-Nov-2012 04:15:16] Pid deleted - 15900
[18-Nov-2012 04:16:25] Not running
[18-Nov-2012 04:16:27] Starting server...
[18-Nov-2012 04:16:27] Pid updated - 15910
[18-Nov-2012 04:16:27] Working job...
[18-Nov-2012 04:16:29] Stop server...
[18-Nov-2012 04:16:29] Stopped!
[18-Nov-2012 04:16:29] Pid deleted - 15910
[18-Nov-2012 04:16:29] Starting server...
[18-Nov-2012 04:16:29] Pid updated - 15914
[18-Nov-2012 04:16:29] Working job...
[18-Nov-2012 04:17:54] Stop server...
[18-Nov-2012 04:17:54] Stopped!
[18-Nov-2012 04:17:54] Pid deleted - 15914
[18-Nov-2012 04:17:54] Starting server...
[18-Nov-2012 04:17:54] Pid updated - 15926
[18-Nov-2012 04:17:54] Working job...
