[18-Nov-2012 06:08:52] Not running
[18-Nov-2012 06:12:47] Starting server...
[18-Nov-2012 06:12:47] Started  - pid 17546 [18-Nov-2012 06:12:47]
[18-Nov-2012 06:12:47] Working job...
[18-Nov-2012 06:21:02] Daemon already running.
[18-Nov-2012 06:21:11] Stop server...
[18-Nov-2012 06:21:11] Stopped!
[18-Nov-2012 06:21:11] Timefile deleted - 17546
[18-Nov-2012 06:21:45] Starting server...
[18-Nov-2012 06:21:45] Started  - pid 17648 [18-Nov-2012 06:21:45]
[18-Nov-2012 06:21:45] Working job unit1...
[18-Nov-2012 06:22:29] Not running
[18-Nov-2012 06:22:35] Starting server...
[18-Nov-2012 06:22:35] Started  - pid 17668 [18-Nov-2012 06:22:35]
[18-Nov-2012 06:22:35] Working job unit1...
[18-Nov-2012 06:51:46] Running
[18-Nov-2012 06:52:12] Stop server...
[18-Nov-2012 06:52:12] Stopped!
[18-Nov-2012 06:52:12] Timefile deleted - 17668
[18-Nov-2012 06:52:12] Starting server...
[18-Nov-2012 06:52:12] Started  - pid 18353 [18-Nov-2012 06:52:12]
[18-Nov-2012 06:52:12] Working job unit1...
[18-Nov-2012 06:52:31] Stop server...
[18-Nov-2012 06:52:31] Stopped!
[18-Nov-2012 06:52:31] Timefile deleted - 18353
[18-Nov-2012 06:52:50] Not running
[18-Nov-2012 06:54:04] Starting server...
[18-Nov-2012 06:54:04] Started  - pid 18386 [18-Nov-2012 06:54:04]
[18-Nov-2012 06:54:04] Register new socket...
[18-Nov-2012 06:54:04] Working job unit1...
[18-Nov-2012 06:54:31] Not running
[18-Nov-2012 06:54:37] Starting server...
[18-Nov-2012 06:54:37] Started  - pid 18392 [18-Nov-2012 06:54:37]
[18-Nov-2012 06:54:37] Register new socket...
[18-Nov-2012 06:54:37] Working job unit1...
[18-Nov-2012 06:56:00] Not running
[18-Nov-2012 06:56:02] Starting server...
[18-Nov-2012 06:56:02] Started  - pid 18417 [18-Nov-2012 06:56:02]
[18-Nov-2012 06:56:02] Register new socket...
[18-Nov-2012 06:56:02] Working job unit1...
[18-Nov-2012 06:57:29] Not running
[18-Nov-2012 06:57:32] Starting server...
[18-Nov-2012 06:57:32] Started  - pid 18428 [18-Nov-2012 06:57:32]
[18-Nov-2012 06:57:32] Register new socket...
[18-Nov-2012 06:57:32] Working job unit1...
[18-Nov-2012 07:00:25] Not running
[18-Nov-2012 07:00:27] Starting server...
[18-Nov-2012 07:00:27] Started  - pid 18486 [18-Nov-2012 07:00:27]
[18-Nov-2012 07:00:27] Register new socket...
[18-Nov-2012 07:00:27] Working job unit1...
[18-Nov-2012 07:05:21] Starting server...
[18-Nov-2012 07:05:21] Started  - pid 18525 [18-Nov-2012 07:05:21]
[18-Nov-2012 07:05:21] Register new socket...
[18-Nov-2012 07:18:42] Not running
[18-Nov-2012 07:18:45] Starting server...
[18-Nov-2012 07:18:45] Started  - pid 18745 [18-Nov-2012 07:18:45]
[18-Nov-2012 07:18:45] Register new socket...
[18-Nov-2012 07:18:45] Working job unit1...
[18-Nov-2012 07:19:45] Stop server...
[18-Nov-2012 07:19:45] Stopped!
[18-Nov-2012 07:19:45] Timefile deleted - 18745
[18-Nov-2012 07:19:57] Starting server...
[18-Nov-2012 07:19:57] Started  - pid 18756 [18-Nov-2012 07:19:57]
[18-Nov-2012 07:19:57] Register new socket...
[18-Nov-2012 07:19:57] Working job unit1...
[18-Nov-2012 07:22:45] Starting server...
[18-Nov-2012 07:22:45] Started  - pid 18812 [18-Nov-2012 07:22:45]
[18-Nov-2012 07:22:45] Register new socket...
[18-Nov-2012 07:23:08] Not running
[18-Nov-2012 07:23:25] Not running
[18-Nov-2012 07:23:30] Not running
[18-Nov-2012 07:24:21] Not running
[18-Nov-2012 07:24:26] Starting server...
[18-Nov-2012 07:24:26] Started  - pid 18843 [18-Nov-2012 07:24:26]
[18-Nov-2012 07:24:26] Register new socket...
[18-Nov-2012 07:24:44] Not running
[18-Nov-2012 07:25:12] Not running
[18-Nov-2012 07:29:08] Not running
[18-Nov-2012 07:29:30] Starting server...
[18-Nov-2012 07:29:30] Started  - pid 18934 [18-Nov-2012 07:29:30]
[18-Nov-2012 07:29:30] Register new socket...
[18-Nov-2012 07:29:30] Working job unit1...
[18-Nov-2012 07:29:59] Running
[18-Nov-2012 07:40:39] Running
[18-Nov-2012 07:52:44] Running at 178.250.244.82:13031
